<?xml version="1.0" encoding="UTF-8"?>
<testsuite xmlns:xsi="http://www.w3.org/2001/XMLSchema-instance" xsi:noNamespaceSchemaLocation="https://maven.apache.org/surefire/maven-surefire-plugin/xsd/surefire-test-report.xsd" name="yvan.money.crowd.ConTest" time="2.428" tests="1" errors="0" skipped="0" failures="0">
  <properties>
    <property name="sun.desktop" value="windows"/>
    <property name="awt.toolkit" value="sun.awt.windows.WToolkit"/>
    <property name="file.encoding.pkg" value="sun.io"/>
    <property name="java.specification.version" value="1.8"/>
    <property name="sun.cpu.isalist" value="amd64"/>
    <property name="sun.jnu.encoding" value="GBK"/>
    <property name="java.class.path" value="D:\IDETest\moneycrowd\crowd02-webui\target\test-classes;D:\IDETest\moneycrowd\crowd02-webui\target\classes;C:\Users\29084\.m2\repository\yvan\money\crowd\crowd03-component\1.0-SNAPSHOT\crowd03-component-1.0-SNAPSHOT.jar;C:\Users\29084\.m2\repository\org\springframework\spring-orm\5.3.5\spring-orm-5.3.5.jar;C:\Users\29084\.m2\repository\org\springframework\spring-beans\5.3.5\spring-beans-5.3.5.jar;C:\Users\29084\.m2\repository\org\springframework\spring-core\5.3.5\spring-core-5.3.5.jar;C:\Users\29084\.m2\repository\org\springframework\spring-jcl\5.3.5\spring-jcl-5.3.5.jar;C:\Users\29084\.m2\repository\org\springframework\spring-jdbc\5.3.5\spring-jdbc-5.3.5.jar;C:\Users\29084\.m2\repository\org\springframework\spring-tx\5.3.5\spring-tx-5.3.5.jar;C:\Users\29084\.m2\repository\org\springframework\spring-webmvc\5.3.5\spring-webmvc-5.3.5.jar;C:\Users\29084\.m2\repository\org\springframework\spring-aop\5.3.5\spring-aop-5.3.5.jar;C:\Users\29084\.m2\repository\org\springframework\spring-context\5.3.5\spring-context-5.3.5.jar;C:\Users\29084\.m2\repository\org\springframework\spring-expression\5.3.5\spring-expression-5.3.5.jar;C:\Users\29084\.m2\repository\org\springframework\spring-web\5.3.5\spring-web-5.3.5.jar;C:\Users\29084\.m2\repository\org\aspectj\aspectjweaver\1.9.5\aspectjweaver-1.9.5.jar;C:\Users\29084\.m2\repository\cglib\cglib\3.2.5\cglib-3.2.5.jar;C:\Users\29084\.m2\repository\org\ow2\asm\asm\5.2\asm-5.2.jar;C:\Users\29084\.m2\repository\org\apache\ant\ant\1.9.6\ant-1.9.6.jar;C:\Users\29084\.m2\repository\org\apache\ant\ant-launcher\1.9.6\ant-launcher-1.9.6.jar;C:\Users\29084\.m2\repository\com\alibaba\druid\1.1.10\druid-1.1.10.jar;C:\Users\29084\.m2\repository\org\mybatis\mybatis\3.4.6\mybatis-3.4.6.jar;C:\Users\29084\.m2\repository\org\mybatis\mybatis-spring\1.3.2\mybatis-spring-1.3.2.jar;C:\Users\29084\.m2\repository\com\github\pagehelper\pagehelper\5.2.0\pagehelper-5.2.0.jar;C:\Users\29084\.m2\repository\com\github\jsqlparser\jsqlparser\3.2\jsqlparser-3.2.jar;C:\Users\29084\.m2\repository\com\fasterxml\jackson\core\jackson-core\2.12.1\jackson-core-2.12.1.jar;C:\Users\29084\.m2\repository\com\fasterxml\jackson\core\jackson-databind\2.12.1\jackson-databind-2.12.1.jar;C:\Users\29084\.m2\repository\com\fasterxml\jackson\core\jackson-annotations\2.12.1\jackson-annotations-2.12.1.jar;C:\Users\29084\.m2\repository\jstl\jstl\1.2\jstl-1.2.jar;C:\Users\29084\.m2\repository\com\google\code\gson\gson\2.8.5\gson-2.8.5.jar;C:\Users\29084\.m2\repository\junit\junit\4.12\junit-4.12.jar;C:\Users\29084\.m2\repository\org\hamcrest\hamcrest-core\1.3\hamcrest-core-1.3.jar;C:\Users\29084\.m2\repository\org\springframework\spring-test\5.3.5\spring-test-5.3.5.jar;C:\Users\29084\.m2\repository\com\h2database\h2\1.4.200\h2-1.4.200.jar;C:\Users\29084\.m2\repository\org\slf4j\slf4j-api\1.7.25\slf4j-api-1.7.25.jar;C:\Users\29084\.m2\repository\ch\qos\logback\logback-classic\1.2.3\logback-classic-1.2.3.jar;C:\Users\29084\.m2\repository\ch\qos\logback\logback-core\1.2.3\logback-core-1.2.3.jar;C:\Users\29084\.m2\repository\org\slf4j\jcl-over-slf4j\1.7.25\jcl-over-slf4j-1.7.25.jar;C:\Users\29084\.m2\repository\org\slf4j\jul-to-slf4j\1.7.25\jul-to-slf4j-1.7.25.jar;C:\Users\29084\.m2\repository\javax\servlet\javax.servlet-api\3.1.0\javax.servlet-api-3.1.0.jar;C:\Users\29084\.m2\repository\javax\servlet\jsp\jsp-api\2.2\jsp-api-2.2.jar;C:\Users\29084\.m2\repository\org\springframework\security\spring-security-web\5.3.9.RELEASE\spring-security-web-5.3.9.RELEASE.jar;C:\Users\29084\.m2\repository\org\springframework\security\spring-security-core\5.3.9.RELEASE\spring-security-core-5.3.9.RELEASE.jar;C:\Users\29084\.m2\repository\org\springframework\security\spring-security-config\5.3.9.RELEASE\spring-security-config-5.3.9.RELEASE.jar;C:\Users\29084\.m2\repository\org\springframework\security\spring-security-taglibs\5.3.9.RELEASE\spring-security-taglibs-5.3.9.RELEASE.jar;C:\Users\29084\.m2\repository\org\springframework\security\spring-security-acl\5.3.9.RELEASE\spring-security-acl-5.3.9.RELEASE.jar;C:\Users\29084\.m2\repository\mysql\mysql-connector-java\8.0.16\mysql-connector-java-8.0.16.jar;C:\Users\29084\.m2\repository\com\google\protobuf\protobuf-java\3.6.1\protobuf-java-3.6.1.jar;"/>
    <property name="java.vm.vendor" value="Oracle Corporation"/>
    <property name="sun.arch.data.model" value="64"/>
    <property name="user.variant" value=""/>
    <property name="java.vendor.url" value="http://java.oracle.com/"/>
    <property name="user.timezone" value="Asia/Shanghai"/>
    <property name="java.vm.specification.version" value="1.8"/>
    <property name="os.name" value="Windows 10"/>
    <property name="user.country" value="CN"/>
    <property name="sun.java.launcher" value="SUN_STANDARD"/>
    <property name="sun.boot.library.path" value="D:\JDK_8\jre\bin"/>
    <property name="sun.java.command" value="C:\Users\29084\AppData\Local\Temp\surefire5606416178367879360\surefirebooter3378125348791944796.jar C:\Users\29084\AppData\Local\Temp\surefire5606416178367879360 2021-05-14T16-36-43_113-jvmRun1 surefire3140899077453123343tmp surefire_05171755182189627503tmp"/>
    <property name="surefire.test.class.path" value="D:\IDETest\moneycrowd\crowd02-webui\target\test-classes;D:\IDETest\moneycrowd\crowd02-webui\target\classes;C:\Users\29084\.m2\repository\yvan\money\crowd\crowd03-component\1.0-SNAPSHOT\crowd03-component-1.0-SNAPSHOT.jar;C:\Users\29084\.m2\repository\org\springframework\spring-orm\5.3.5\spring-orm-5.3.5.jar;C:\Users\29084\.m2\repository\org\springframework\spring-beans\5.3.5\spring-beans-5.3.5.jar;C:\Users\29084\.m2\repository\org\springframework\spring-core\5.3.5\spring-core-5.3.5.jar;C:\Users\29084\.m2\repository\org\springframework\spring-jcl\5.3.5\spring-jcl-5.3.5.jar;C:\Users\29084\.m2\repository\org\springframework\spring-jdbc\5.3.5\spring-jdbc-5.3.5.jar;C:\Users\29084\.m2\repository\org\springframework\spring-tx\5.3.5\spring-tx-5.3.5.jar;C:\Users\29084\.m2\repository\org\springframework\spring-webmvc\5.3.5\spring-webmvc-5.3.5.jar;C:\Users\29084\.m2\repository\org\springframework\spring-aop\5.3.5\spring-aop-5.3.5.jar;C:\Users\29084\.m2\repository\org\springframework\spring-context\5.3.5\spring-context-5.3.5.jar;C:\Users\29084\.m2\repository\org\springframework\spring-expression\5.3.5\spring-expression-5.3.5.jar;C:\Users\29084\.m2\repository\org\springframework\spring-web\5.3.5\spring-web-5.3.5.jar;C:\Users\29084\.m2\repository\org\aspectj\aspectjweaver\1.9.5\aspectjweaver-1.9.5.jar;C:\Users\29084\.m2\repository\cglib\cglib\3.2.5\cglib-3.2.5.jar;C:\Users\29084\.m2\repository\org\ow2\asm\asm\5.2\asm-5.2.jar;C:\Users\29084\.m2\repository\org\apache\ant\ant\1.9.6\ant-1.9.6.jar;C:\Users\29084\.m2\repository\org\apache\ant\ant-launcher\1.9.6\ant-launcher-1.9.6.jar;C:\Users\29084\.m2\repository\com\alibaba\druid\1.1.10\druid-1.1.10.jar;C:\Users\29084\.m2\repository\org\mybatis\mybatis\3.4.6\mybatis-3.4.6.jar;C:\Users\29084\.m2\repository\org\mybatis\mybatis-spring\1.3.2\mybatis-spring-1.3.2.jar;C:\Users\29084\.m2\repository\com\github\pagehelper\pagehelper\5.2.0\pagehelper-5.2.0.jar;C:\Users\29084\.m2\repository\com\github\jsqlparser\jsqlparser\3.2\jsqlparser-3.2.jar;C:\Users\29084\.m2\repository\com\fasterxml\jackson\core\jackson-core\2.12.1\jackson-core-2.12.1.jar;C:\Users\29084\.m2\repository\com\fasterxml\jackson\core\jackson-databind\2.12.1\jackson-databind-2.12.1.jar;C:\Users\29084\.m2\repository\com\fasterxml\jackson\core\jackson-annotations\2.12.1\jackson-annotations-2.12.1.jar;C:\Users\29084\.m2\repository\jstl\jstl\1.2\jstl-1.2.jar;C:\Users\29084\.m2\repository\com\google\code\gson\gson\2.8.5\gson-2.8.5.jar;C:\Users\29084\.m2\repository\junit\junit\4.12\junit-4.12.jar;C:\Users\29084\.m2\repository\org\hamcrest\hamcrest-core\1.3\hamcrest-core-1.3.jar;C:\Users\29084\.m2\repository\org\springframework\spring-test\5.3.5\spring-test-5.3.5.jar;C:\Users\29084\.m2\repository\com\h2database\h2\1.4.200\h2-1.4.200.jar;C:\Users\29084\.m2\repository\org\slf4j\slf4j-api\1.7.25\slf4j-api-1.7.25.jar;C:\Users\29084\.m2\repository\ch\qos\logback\logback-classic\1.2.3\logback-classic-1.2.3.jar;C:\Users\29084\.m2\repository\ch\qos\logback\logback-core\1.2.3\logback-core-1.2.3.jar;C:\Users\29084\.m2\repository\org\slf4j\jcl-over-slf4j\1.7.25\jcl-over-slf4j-1.7.25.jar;C:\Users\29084\.m2\repository\org\slf4j\jul-to-slf4j\1.7.25\jul-to-slf4j-1.7.25.jar;C:\Users\29084\.m2\repository\javax\servlet\javax.servlet-api\3.1.0\javax.servlet-api-3.1.0.jar;C:\Users\29084\.m2\repository\javax\servlet\jsp\jsp-api\2.2\jsp-api-2.2.jar;C:\Users\29084\.m2\repository\org\springframework\security\spring-security-web\5.3.9.RELEASE\spring-security-web-5.3.9.RELEASE.jar;C:\Users\29084\.m2\repository\org\springframework\security\spring-security-core\5.3.9.RELEASE\spring-security-core-5.3.9.RELEASE.jar;C:\Users\29084\.m2\repository\org\springframework\security\spring-security-config\5.3.9.RELEASE\spring-security-config-5.3.9.RELEASE.jar;C:\Users\29084\.m2\repository\org\springframework\security\spring-security-taglibs\5.3.9.RELEASE\spring-security-taglibs-5.3.9.RELEASE.jar;C:\Users\29084\.m2\repository\org\springframework\security\spring-security-acl\5.3.9.RELEASE\spring-security-acl-5.3.9.RELEASE.jar;C:\Users\29084\.m2\repository\mysql\mysql-connector-java\8.0.16\mysql-connector-java-8.0.16.jar;C:\Users\29084\.m2\repository\com\google\protobuf\protobuf-java\3.6.1\protobuf-java-3.6.1.jar;"/>
    <property name="sun.cpu.endian" value="little"/>
    <property name="user.home" value="C:\Users\29084"/>
    <property name="user.language" value="zh"/>
    <property name="java.specification.vendor" value="Oracle Corporation"/>
    <property name="java.home" value="D:\JDK_8\jre"/>
    <property name="basedir" value="D:\IDETest\moneycrowd\crowd02-webui"/>
    <property name="file.separator" value="\"/>
    <property name="line.separator" value="&#10;"/>
    <property name="java.vm.specification.vendor" value="Oracle Corporation"/>
    <property name="java.specification.name" value="Java Platform API Specification"/>
    <property name="java.awt.graphicsenv" value="sun.awt.Win32GraphicsEnvironment"/>
    <property name="surefire.real.class.path" value="C:\Users\29084\AppData\Local\Temp\surefire5606416178367879360\surefirebooter3378125348791944796.jar"/>
    <property name="sun.boot.class.path" value="D:\JDK_8\jre\lib\resources.jar;D:\JDK_8\jre\lib\rt.jar;D:\JDK_8\jre\lib\sunrsasign.jar;D:\JDK_8\jre\lib\jsse.jar;D:\JDK_8\jre\lib\jce.jar;D:\JDK_8\jre\lib\charsets.jar;D:\JDK_8\jre\lib\jfr.jar;D:\JDK_8\jre\classes"/>
    <property name="user.script" value=""/>
    <property name="sun.management.compiler" value="HotSpot 64-Bit Tiered Compilers"/>
    <property name="java.runtime.version" value="1.8.0_231-b11"/>
    <property name="user.name" value="kingcar"/>
    <property name="path.separator" value=";"/>
    <property name="os.version" value="10.0"/>
    <property name="java.endorsed.dirs" value="D:\JDK_8\jre\lib\endorsed"/>
    <property name="java.runtime.name" value="Java(TM) SE Runtime Environment"/>
    <property name="file.encoding" value="GBK"/>
    <property name="java.vm.name" value="Java HotSpot(TM) 64-Bit Server VM"/>
    <property name="idea.version2020.1" value="true"/>
    <property name="localRepository" value="C:\Users\29084\.m2\repository"/>
    <property name="java.vendor.url.bug" value="http://bugreport.sun.com/bugreport/"/>
    <property name="java.io.tmpdir" value="C:\Users\29084\AppData\Local\Temp\"/>
    <property name="java.version" value="1.8.0_231"/>
    <property name="user.dir" value="D:\IDETest\moneycrowd\crowd02-webui"/>
    <property name="os.arch" value="amd64"/>
    <property name="java.vm.specification.name" value="Java Virtual Machine Specification"/>
    <property name="java.awt.printerjob" value="sun.awt.windows.WPrinterJob"/>
    <property name="sun.os.patch.level" value=""/>
    <property name="java.library.path" value="D:\JDK_8\jre\bin;C:\Windows\Sun\Java\bin;C:\Windows\system32;C:\Windows;C:\Program Files (x86)\Common Files\Oracle\Java\javapath;C:\Windows\system32;C:\Windows;C:\Windows\System32\Wbem;C:\Windows\System32\WindowsPowerShell\v1.0\;C:\Windows\System32\OpenSSH\;D:\apache-maven-3.6.3\bin;D:\JDK_8\bin;C:\Program Files\Git\cmd;D:\ADB;C:\Program Files\MySQL\MySQL Shell 8.0\bin\;C:\Users\29084\AppData\Local\Microsoft\WindowsApps;;D:\Programs\Microsoft VS Code\bin;D:\IntelijiIdea\IntelliJ IDEA 2020.1.4\bin;;."/>
    <property name="java.vm.info" value="mixed mode"/>
    <property name="java.vendor" value="Oracle Corporation"/>
    <property name="java.vm.version" value="25.231-b11"/>
    <property name="java.ext.dirs" value="D:\JDK_8\jre\lib\ext;C:\Windows\Sun\Java\lib\ext"/>
    <property name="sun.io.unicode.encoding" value="UnicodeLittle"/>
    <property name="java.class.version" value="52.0"/>
  </properties>
  <testcase name="testConnection" classname="yvan.money.crowd.ConTest" time="0.628"/>
</testsuite>